{"/Users/arthur/frontend-project-46/index.js": {"path":"/Users/arthur/frontend-project-46/index.js","statementMap":{"0":{"start":{"line":5,"column":16},"end":{"line":23,"column":1}},"1":{"start":{"line":6,"column":15},"end":{"line":6,"column":52}},"2":{"start":{"line":7,"column":19},"end":{"line":7,"column":30}},"3":{"start":{"line":8,"column":15},"end":{"line":8,"column":20}},"4":{"start":{"line":9,"column":2},"end":{"line":20,"column":5}},"5":{"start":{"line":10,"column":4},"end":{"line":19,"column":5}},"6":{"start":{"line":11,"column":6},"end":{"line":11,"column":46}},"7":{"start":{"line":12,"column":11},"end":{"line":19,"column":5}},"8":{"start":{"line":13,"column":6},"end":{"line":13,"column":46}},"9":{"start":{"line":14,"column":11},"end":{"line":19,"column":5}},"10":{"start":{"line":15,"column":6},"end":{"line":15,"column":46}},"11":{"start":{"line":16,"column":6},"end":{"line":16,"column":46}},"12":{"start":{"line":18,"column":6},"end":{"line":18,"column":46}},"13":{"start":{"line":21,"column":2},"end":{"line":21,"column":16}},"14":{"start":{"line":22,"column":2},"end":{"line":22,"column":16}},"15":{"start":{"line":25,"column":17},"end":{"line":25,"column":86}},"16":{"start":{"line":25,"column":44},"end":{"line":25,"column":86}}},"fnMap":{"0":{"name":"(anonymous_0)","decl":{"start":{"line":5,"column":16},"end":{"line":5,"column":17}},"loc":{"start":{"line":5,"column":34},"end":{"line":23,"column":1}},"line":5},"1":{"name":"(anonymous_1)","decl":{"start":{"line":9,"column":19},"end":{"line":9,"column":20}},"loc":{"start":{"line":9,"column":28},"end":{"line":20,"column":3}},"line":9},"2":{"name":"(anonymous_2)","decl":{"start":{"line":25,"column":17},"end":{"line":25,"column":18}},"loc":{"start":{"line":25,"column":44},"end":{"line":25,"column":86}},"line":25}},"branchMap":{"0":{"loc":{"start":{"line":10,"column":4},"end":{"line":19,"column":5}},"type":"if","locations":[{"start":{"line":10,"column":4},"end":{"line":19,"column":5}},{"start":{"line":12,"column":11},"end":{"line":19,"column":5}}],"line":10},"1":{"loc":{"start":{"line":12,"column":11},"end":{"line":19,"column":5}},"type":"if","locations":[{"start":{"line":12,"column":11},"end":{"line":19,"column":5}},{"start":{"line":14,"column":11},"end":{"line":19,"column":5}}],"line":12},"2":{"loc":{"start":{"line":14,"column":11},"end":{"line":19,"column":5}},"type":"if","locations":[{"start":{"line":14,"column":11},"end":{"line":19,"column":5}},{"start":{"line":17,"column":11},"end":{"line":19,"column":5}}],"line":14}},"s":{"0":1,"1":2,"2":2,"3":2,"4":2,"5":10,"6":2,"7":8,"8":4,"9":4,"10":2,"11":2,"12":2,"13":2,"14":2,"15":1,"16":0},"f":{"0":2,"1":10,"2":0},"b":{"0":[2,8],"1":[4,4],"2":[2,2]},"_coverageSchema":"1a1c01bbd47fc00a2c39e90264f33305004495a9","hash":"09760f9659c0ea8475b6576b216c1ab7096b72ea"}
}
