{"/Users/arthur/frontend-project-46/testaaaa.js": {"path":"/Users/arthur/frontend-project-46/testaaaa.js","statementMap":{"0":{"start":{"line":3,"column":16},"end":{"line":28,"column":1}},"1":{"start":{"line":4,"column":15},"end":{"line":22,"column":3}},"2":{"start":{"line":5,"column":4},"end":{"line":7,"column":5}},"3":{"start":{"line":6,"column":6},"end":{"line":6,"column":23}},"4":{"start":{"line":9,"column":19},"end":{"line":9,"column":41}},"5":{"start":{"line":10,"column":17},"end":{"line":17,"column":6}},"6":{"start":{"line":11,"column":28},"end":{"line":11,"column":58}},"7":{"start":{"line":12,"column":6},"end":{"line":14,"column":7}},"8":{"start":{"line":13,"column":8},"end":{"line":13,"column":67}},"9":{"start":{"line":16,"column":6},"end":{"line":16,"column":49}},"10":{"start":{"line":18,"column":22},"end":{"line":18,"column":196}},"11":{"start":{"line":18,"column":55},"end":{"line":18,"column":103}},"12":{"start":{"line":19,"column":22},"end":{"line":19,"column":64}},"13":{"start":{"line":21,"column":4},"end":{"line":21,"column":21}},"14":{"start":{"line":24,"column":20},"end":{"line":24,"column":34}},"15":{"start":{"line":25,"column":2},"end":{"line":25,"column":67}},"16":{"start":{"line":27,"column":2},"end":{"line":27,"column":21}},"17":{"start":{"line":30,"column":16},"end":{"line":71,"column":1}},"18":{"start":{"line":32,"column":15},"end":{"line":32,"column":56}},"19":{"start":{"line":33,"column":19},"end":{"line":33,"column":30}},"20":{"start":{"line":35,"column":17},"end":{"line":35,"column":19}},"21":{"start":{"line":36,"column":2},"end":{"line":68,"column":5}},"22":{"start":{"line":38,"column":4},"end":{"line":67,"column":5}},"23":{"start":{"line":39,"column":6},"end":{"line":52,"column":7}},"24":{"start":{"line":41,"column":8},"end":{"line":41,"column":63}},"25":{"start":{"line":42,"column":13},"end":{"line":52,"column":7}},"26":{"start":{"line":44,"column":8},"end":{"line":44,"column":42}},"27":{"start":{"line":45,"column":13},"end":{"line":52,"column":7}},"28":{"start":{"line":47,"column":8},"end":{"line":47,"column":42}},"29":{"start":{"line":50,"column":8},"end":{"line":50,"column":42}},"30":{"start":{"line":51,"column":8},"end":{"line":51,"column":42}},"31":{"start":{"line":54,"column":11},"end":{"line":67,"column":5}},"32":{"start":{"line":56,"column":6},"end":{"line":56,"column":40}},"33":{"start":{"line":57,"column":11},"end":{"line":67,"column":5}},"34":{"start":{"line":59,"column":6},"end":{"line":59,"column":40}},"35":{"start":{"line":60,"column":11},"end":{"line":67,"column":5}},"36":{"start":{"line":62,"column":6},"end":{"line":62,"column":40}},"37":{"start":{"line":63,"column":6},"end":{"line":63,"column":40}},"38":{"start":{"line":66,"column":6},"end":{"line":66,"column":38}},"39":{"start":{"line":70,"column":2},"end":{"line":70,"column":16}}},"fnMap":{"0":{"name":"(anonymous_0)","decl":{"start":{"line":3,"column":16},"end":{"line":3,"column":17}},"loc":{"start":{"line":3,"column":61},"end":{"line":28,"column":1}},"line":3},"1":{"name":"(anonymous_1)","decl":{"start":{"line":4,"column":15},"end":{"line":4,"column":16}},"loc":{"start":{"line":4,"column":32},"end":{"line":22,"column":3}},"line":4},"2":{"name":"(anonymous_2)","decl":{"start":{"line":10,"column":42},"end":{"line":10,"column":43}},"loc":{"start":{"line":10,"column":58},"end":{"line":17,"column":5}},"line":10},"3":{"name":"(anonymous_3)","decl":{"start":{"line":18,"column":45},"end":{"line":18,"column":46}},"loc":{"start":{"line":18,"column":55},"end":{"line":18,"column":103}},"line":18},"4":{"name":"(anonymous_4)","decl":{"start":{"line":30,"column":16},"end":{"line":30,"column":17}},"loc":{"start":{"line":30,"column":38},"end":{"line":71,"column":1}},"line":30},"5":{"name":"(anonymous_5)","decl":{"start":{"line":36,"column":19},"end":{"line":36,"column":20}},"loc":{"start":{"line":36,"column":28},"end":{"line":68,"column":3}},"line":36}},"branchMap":{"0":{"loc":{"start":{"line":3,"column":24},"end":{"line":3,"column":39}},"type":"default-arg","locations":[{"start":{"line":3,"column":35},"end":{"line":3,"column":39}}],"line":3},"1":{"loc":{"start":{"line":3,"column":41},"end":{"line":3,"column":56}},"type":"default-arg","locations":[{"start":{"line":3,"column":55},"end":{"line":3,"column":56}}],"line":3},"2":{"loc":{"start":{"line":5,"column":4},"end":{"line":7,"column":5}},"type":"if","locations":[{"start":{"line":5,"column":4},"end":{"line":7,"column":5}},{"start":{},"end":{}}],"line":5},"3":{"loc":{"start":{"line":12,"column":6},"end":{"line":14,"column":7}},"type":"if","locations":[{"start":{"line":12,"column":6},"end":{"line":14,"column":7}},{"start":{},"end":{}}],"line":12},"4":{"loc":{"start":{"line":12,"column":10},"end":{"line":12,"column":56}},"type":"binary-expr","locations":[{"start":{"line":12,"column":10},"end":{"line":12,"column":31}},{"start":{"line":12,"column":35},"end":{"line":12,"column":56}}],"line":12},"5":{"loc":{"start":{"line":18,"column":22},"end":{"line":18,"column":196}},"type":"cond-expr","locations":[{"start":{"line":18,"column":131},"end":{"line":18,"column":171}},{"start":{"line":18,"column":174},"end":{"line":18,"column":196}}],"line":18},"6":{"loc":{"start":{"line":18,"column":22},"end":{"line":18,"column":128}},"type":"binary-expr","locations":[{"start":{"line":18,"column":22},"end":{"line":18,"column":104}},{"start":{"line":18,"column":108},"end":{"line":18,"column":128}}],"line":18},"7":{"loc":{"start":{"line":18,"column":55},"end":{"line":18,"column":103}},"type":"binary-expr","locations":[{"start":{"line":18,"column":55},"end":{"line":18,"column":77}},{"start":{"line":18,"column":81},"end":{"line":18,"column":103}}],"line":18},"8":{"loc":{"start":{"line":38,"column":4},"end":{"line":67,"column":5}},"type":"if","locations":[{"start":{"line":38,"column":4},"end":{"line":67,"column":5}},{"start":{"line":54,"column":11},"end":{"line":67,"column":5}}],"line":38},"9":{"loc":{"start":{"line":38,"column":8},"end":{"line":38,"column":60}},"type":"binary-expr","locations":[{"start":{"line":38,"column":8},"end":{"line":38,"column":32}},{"start":{"line":38,"column":36},"end":{"line":38,"column":60}}],"line":38},"10":{"loc":{"start":{"line":39,"column":6},"end":{"line":52,"column":7}},"type":"if","locations":[{"start":{"line":39,"column":6},"end":{"line":52,"column":7}},{"start":{"line":42,"column":13},"end":{"line":52,"column":7}}],"line":39},"11":{"loc":{"start":{"line":39,"column":10},"end":{"line":39,"column":62}},"type":"binary-expr","locations":[{"start":{"line":39,"column":10},"end":{"line":39,"column":34}},{"start":{"line":39,"column":38},"end":{"line":39,"column":62}}],"line":39},"12":{"loc":{"start":{"line":42,"column":13},"end":{"line":52,"column":7}},"type":"if","locations":[{"start":{"line":42,"column":13},"end":{"line":52,"column":7}},{"start":{"line":45,"column":13},"end":{"line":52,"column":7}}],"line":42},"13":{"loc":{"start":{"line":45,"column":13},"end":{"line":52,"column":7}},"type":"if","locations":[{"start":{"line":45,"column":13},"end":{"line":52,"column":7}},{"start":{"line":48,"column":13},"end":{"line":52,"column":7}}],"line":45},"14":{"loc":{"start":{"line":54,"column":11},"end":{"line":67,"column":5}},"type":"if","locations":[{"start":{"line":54,"column":11},"end":{"line":67,"column":5}},{"start":{"line":57,"column":11},"end":{"line":67,"column":5}}],"line":54},"15":{"loc":{"start":{"line":57,"column":11},"end":{"line":67,"column":5}},"type":"if","locations":[{"start":{"line":57,"column":11},"end":{"line":67,"column":5}},{"start":{"line":60,"column":11},"end":{"line":67,"column":5}}],"line":57},"16":{"loc":{"start":{"line":60,"column":11},"end":{"line":67,"column":5}},"type":"if","locations":[{"start":{"line":60,"column":11},"end":{"line":67,"column":5}},{"start":{"line":64,"column":11},"end":{"line":67,"column":5}}],"line":60}},"s":{"0":1,"1":2,"2":39,"3":26,"4":13,"5":13,"6":37,"7":37,"8":17,"9":20,"10":13,"11":13,"12":13,"13":13,"14":2,"15":2,"16":2,"17":1,"18":6,"19":6,"20":6,"21":6,"22":23,"23":8,"24":4,"25":4,"26":2,"27":2,"28":1,"29":1,"30":1,"31":15,"32":4,"33":11,"34":3,"35":8,"36":4,"37":4,"38":4,"39":6},"f":{"0":2,"1":39,"2":37,"3":13,"4":6,"5":23},"b":{"0":[2],"1":[2],"2":[26,13],"3":[17,20],"4":[37,28],"5":[11,2],"6":[13,13],"7":[13,3],"8":[8,15],"9":[23,17],"10":[4,4],"11":[8,6],"12":[2,2],"13":[1,1],"14":[4,11],"15":[3,8],"16":[4,4]},"_coverageSchema":"1a1c01bbd47fc00a2c39e90264f33305004495a9","hash":"5c0b0ba5352b048c9019ecdc2a752e56add8ab66"}
}
