TN:
SF:testaaaa.js
FN:3,(anonymous_0)
FN:4,(anonymous_1)
FN:10,(anonymous_2)
FN:18,(anonymous_3)
FN:30,(anonymous_4)
FN:36,(anonymous_5)
FNF:6
FNH:6
FNDA:2,(anonymous_0)
FNDA:39,(anonymous_1)
FNDA:37,(anonymous_2)
FNDA:13,(anonymous_3)
FNDA:6,(anonymous_4)
FNDA:23,(anonymous_5)
DA:3,1
DA:4,2
DA:5,39
DA:6,26
DA:9,13
DA:10,13
DA:11,37
DA:12,37
DA:13,17
DA:16,20
DA:18,13
DA:19,13
DA:21,13
DA:24,2
DA:25,2
DA:27,2
DA:30,1
DA:32,6
DA:33,6
DA:35,6
DA:36,6
DA:38,23
DA:39,8
DA:41,4
DA:42,4
DA:44,2
DA:45,2
DA:47,1
DA:50,1
DA:51,1
DA:54,15
DA:56,4
DA:57,11
DA:59,3
DA:60,8
DA:62,4
DA:63,4
DA:66,4
DA:70,6
LF:39
LH:39
BRDA:3,0,0,2
BRDA:3,1,0,2
BRDA:5,2,0,26
BRDA:5,2,1,13
BRDA:12,3,0,17
BRDA:12,3,1,20
BRDA:12,4,0,37
BRDA:12,4,1,28
BRDA:18,5,0,11
BRDA:18,5,1,2
BRDA:18,6,0,13
BRDA:18,6,1,13
BRDA:18,7,0,13
BRDA:18,7,1,3
BRDA:38,8,0,8
BRDA:38,8,1,15
BRDA:38,9,0,23
BRDA:38,9,1,17
BRDA:39,10,0,4
BRDA:39,10,1,4
BRDA:39,11,0,8
BRDA:39,11,1,6
BRDA:42,12,0,2
BRDA:42,12,1,2
BRDA:45,13,0,1
BRDA:45,13,1,1
BRDA:54,14,0,4
BRDA:54,14,1,11
BRDA:57,15,0,3
BRDA:57,15,1,8
BRDA:60,16,0,4
BRDA:60,16,1,4
BRF:32
BRH:32
end_of_record
